#
# There is insufficient memory for the Java Runtime Environment to continue.
# Native memory allocation (mmap) failed to map 264241152 bytes. Error detail: G1 virtual space
# Possible reasons:
#   The system is out of physical RAM or swap space
#   This process is running with CompressedOops enabled, and the Java Heap may be blocking the growth of the native heap
# Possible solutions:
#   Reduce memory load on the system
#   Increase physical memory or swap space
#   Check if swap backing store is full
#   Decrease Java heap size (-Xmx/-Xms)
#   Decrease number of Java threads
#   Decrease Java thread stack sizes (-Xss)
#   Set larger code cache with -XX:ReservedCodeCacheSize=
#   JVM is running with Zero Based Compressed Oops mode in which the Java heap is
#     placed in the first 32GB address space. The Java Heap base address is the
#     maximum limit for the native heap growth. Please use -XX:HeapBaseMinAddress
#     to set the Java Heap base and to place the Java Heap above 32GB virtual address.
# This output file may be truncated or incomplete.
#
#  Out of Memory Error (os_windows.cpp:3828), pid=1876, tid=37216
#
# JRE version:  (21.0.4) (build )
# Java VM: OpenJDK 64-Bit Server VM (21.0.4+-12508038-b607.1, mixed mode, sharing, tiered, compressed oops, compressed class ptrs, g1 gc, windows-amd64)
# No core dump will be written. Minidumps are not enabled by default on client versions of Windows
#

---------------  S U M M A R Y ------------

Command Line: org.jetbrains.kotlin.cli.jvm.K2JVMCompiler @C:\Users\KIIT0001\AndroidStudioProjects\cattleapp\app\build\20250917_3630075257425814858.compiler.options

Host: 12th Gen Intel(R) Core(TM) i7-1255U, 12 cores, 15G,  Windows 11 , 64 bit Build 26100 (10.0.26100.5074)
Time: Wed Sep 17 03:12:07 2025 India Standard Time elapsed time: 0.028061 seconds (0d 0h 0m 0s)

---------------  T H R E A D  ---------------

Current thread (0x000001c6717820f0):  JavaThread "Unknown thread" [_thread_in_vm, id=37216, stack(0x0000009711600000,0x0000009711700000) (1024K)]

Stack: [0x0000009711600000,0x0000009711700000]
Native frames: (J=compiled Java code, j=interpreted, Vv=VM code, C=native code)
V  [jvm.dll+0x6ce539]
V  [jvm.dll+0x85bf03]
V  [jvm.dll+0x85e45e]
V  [jvm.dll+0x85eb43]
V  [jvm.dll+0x27dd06]
V  [jvm.dll+0x6cada5]
V  [jvm.dll+0x6bf27a]
V  [jvm.dll+0x3541fb]
V  [jvm.dll+0x35be36]
V  [jvm.dll+0x3adbc6]
V  [jvm.dll+0x3ade98]
V  [jvm.dll+0x32691c]
V  [jvm.dll+0x32760b]
V  [jvm.dll+0x823959]
V  [jvm.dll+0x3bacf8]
V  [jvm.dll+0x80cd58]
V  [jvm.dll+0x44ef2e]
V  [jvm.dll+0x450691]
C  [jli.dll+0x52ab]
C  [ucrtbase.dll+0x37b0]
C  [KERNEL32.DLL+0x2e8d7]
C  [ntdll.dll+0x8d9c]


---------------  P R O C E S S  ---------------

Threads class SMR info:
_java_thread_list=0x00007ffb0e48a808, length=0, elements={
}

Java Threads: ( => current thread )
Total: 0

Other Threads:
  0x000001c6719af2b0 WorkerThread "GC Thread#0"                     [id=13996, stack(0x0000009711700000,0x0000009711800000) (1024K)]
  0x000001c6719c00e0 ConcurrentGCThread "G1 Main Marker"            [id=39236, stack(0x0000009711800000,0x0000009711900000) (1024K)]
  0x000001c6719c2600 WorkerThread "G1 Conc#0"                       [id=25356, stack(0x0000009711900000,0x0000009711a00000) (1024K)]

[error occurred during error reporting (printing all threads), id 0xc0000005, EXCEPTION_ACCESS_VIOLATION (0xc0000005) at pc=0x00007ffb0dc89957]
VM state: not at safepoint (not fully initialized)

VM Mutex/Monitor currently owned by a thread:  ([mutex/lock_event])
[0x00007ffb0e4f73f8] Heap_lock - owner thread: 0x000001c6717820f0

Heap address: 0x0000000704800000, size: 4024 MB, Compressed Oops mode: Zero based, Oop shift amount: 3

CDS archive(s) mapped at: [0x0000000000000000-0x0000000000000000-0x0000000000000000), size 0, SharedBaseAddress: 0x0000000800000000, ArchiveRelocationMode: 1.
Narrow klass base: 0x0000000000000000, Narrow klass shift: 0, Narrow klass range: 0x0

GC Precious Log:
 CardTable entry size: 512
 Card Set container configuration: InlinePtr #cards 4 size 8 Array Of Cards #cards 16 size 48 Howl #buckets 8 coarsen threshold 3686 Howl Bitmap #cards 512 size 80 coarsen threshold 460 Card regions per heap region 1 cards per card region 4096

Heap:
 garbage-first heap   total 0K, used 0K [0x0000000704800000, 0x0000000800000000)
  region size 2048K, 0 young (0K), 0 survivors (0K)
 Metaspace       used 0K, committed 0K, reserved 0K
  class space    used 0K, committed 0K, reserved 0K

Heap Regions: E=young(eden), S=young(survivor), O=old, HS=humongous(starts), HC=humongous(continues), CS=collection set, F=free, TAMS=top-at-mark-start, PB=parsable bottom

Card table byte_map: [0x000001c677740000,0x000001c677f20000] _byte_map_base: 0x000001c673f1c000

Marking Bits: (CMBitMap*) 0x000001c6719af9b0
 Bits: [0x000001c677f20000, 0x000001c67be00000)

GC Heap History (0 events):
No events

Dll operation events (1 events):
Event: 0.019 Loaded shared library C:\Program Files\Android\Android Studio6\jbr\bin\java.dll

Deoptimization events (0 events):
No events

Classes loaded (0 events):
No events

Classes unloaded (0 events):
No events

Classes redefined (0 events):
No events

Internal exceptions (0 events):
No events

ZGC Phase Switch (0 events):
No events

VM Operations (0 events):
No events

Memory protections (0 events):
No events

Nmethod flushes (0 events):
No events

Events (0 events):
No events


Dynamic libraries:
0x00007ff6c0ec0000 - 0x00007ff6c0eca000 	C:\Program Files\Android\Android Studio6\jbr\bin\java.exe
0x00007ffbba780000 - 0x00007ffbba9e9000 	C:\WINDOWS\SYSTEM32\ntdll.dll
0x00007ffbb8bf0000 - 0x00007ffbb8cb9000 	C:\WINDOWS\System32\KERNEL32.DLL
0x00007ffbb7c90000 - 0x00007ffbb8083000 	C:\WINDOWS\System32\KERNELBASE.dll
0x00007ffbb8340000 - 0x00007ffbb848b000 	C:\WINDOWS\System32\ucrtbase.dll
0x00007ffba0e50000 - 0x00007ffba0e6b000 	C:\Program Files\Android\Android Studio6\jbr\bin\VCRUNTIME140.dll
0x00007ffba0e30000 - 0x00007ffba0e48000 	C:\Program Files\Android\Android Studio6\jbr\bin\jli.dll
0x00007ffbb8e40000 - 0x00007ffbb9004000 	C:\WINDOWS\System32\USER32.dll
0x00007ffba2cc0000 - 0x00007ffba2f53000 	C:\WINDOWS\WinSxS\amd64_microsoft.windows.common-controls_6595b64144ccf1df_6.0.26100.5074_none_3e0d6f78e32fd63f\COMCTL32.dll
0x00007ffbb8090000 - 0x00007ffbb80b7000 	C:\WINDOWS\System32\win32u.dll
0x00007ffbb8750000 - 0x00007ffbb87f9000 	C:\WINDOWS\System32\msvcrt.dll
0x00007ffbb9420000 - 0x00007ffbb944b000 	C:\WINDOWS\System32\GDI32.dll
0x00007ffbb80c0000 - 0x00007ffbb81ed000 	C:\WINDOWS\System32\gdi32full.dll
0x00007ffbb8290000 - 0x00007ffbb8333000 	C:\WINDOWS\System32\msvcp_win.dll
0x00007ffbb8a30000 - 0x00007ffbb8a5f000 	C:\WINDOWS\System32\IMM32.DLL
0x00007ffba9550000 - 0x00007ffba955c000 	C:\Program Files\Android\Android Studio6\jbr\bin\vcruntime140_1.dll
0x00007ffb53880000 - 0x00007ffb5390d000 	C:\Program Files\Android\Android Studio6\jbr\bin\msvcp140.dll
0x00007ffb0d950000 - 0x00007ffb0e5d3000 	C:\Program Files\Android\Android Studio6\jbr\bin\server\jvm.dll
0x00007ffbb9bf0000 - 0x00007ffbb9ca4000 	C:\WINDOWS\System32\ADVAPI32.dll
0x00007ffbb9360000 - 0x00007ffbb9406000 	C:\WINDOWS\System32\sechost.dll
0x00007ffbb8a70000 - 0x00007ffbb8b88000 	C:\WINDOWS\System32\RPCRT4.dll
0x00007ffbb8dc0000 - 0x00007ffbb8e34000 	C:\WINDOWS\System32\WS2_32.dll
0x00007ffb9f080000 - 0x00007ffb9f08b000 	C:\WINDOWS\SYSTEM32\VERSION.dll
0x00007ffbb7790000 - 0x00007ffbb77ee000 	C:\WINDOWS\SYSTEM32\POWRPROF.dll
0x00007ffbb4fe0000 - 0x00007ffbb5015000 	C:\WINDOWS\SYSTEM32\WINMM.dll
0x00007ffbb7750000 - 0x00007ffbb7764000 	C:\WINDOWS\SYSTEM32\UMPDC.dll
0x00007ffbb6650000 - 0x00007ffbb666b000 	C:\WINDOWS\SYSTEM32\kernel.appcore.dll
0x00007ffba5dd0000 - 0x00007ffba5dda000 	C:\Program Files\Android\Android Studio6\jbr\bin\jimage.dll
0x00007ffbb4d60000 - 0x00007ffbb4fa2000 	C:\WINDOWS\SYSTEM32\DBGHELP.DLL
0x00007ffbba2e0000 - 0x00007ffbba65b000 	C:\WINDOWS\System32\combase.dll
0x00007ffbba660000 - 0x00007ffbba737000 	C:\WINDOWS\System32\OLEAUT32.dll
0x00007ffbb4d20000 - 0x00007ffbb4d5d000 	C:\WINDOWS\SYSTEM32\dbgcore.DLL
0x00007ffbb81f0000 - 0x00007ffbb8289000 	C:\WINDOWS\System32\bcryptPrimitives.dll
0x00007ffb95850000 - 0x00007ffb95870000 	C:\Program Files\Android\Android Studio6\jbr\bin\java.dll

dbghelp: loaded successfully - version: 4.0.5 - missing functions: none
symbol engine: initialized successfully - sym options: 0x614 - pdb path: .;C:\Program Files\Android\Android Studio6\jbr\bin;C:\WINDOWS\SYSTEM32;C:\WINDOWS\WinSxS\amd64_microsoft.windows.common-controls_6595b64144ccf1df_6.0.26100.5074_none_3e0d6f78e32fd63f;C:\Program Files\Android\Android Studio6\jbr\bin\server

VM Arguments:
java_command: org.jetbrains.kotlin.cli.jvm.K2JVMCompiler @C:\Users\KIIT0001\AndroidStudioProjects\cattleapp\app\build\20250917_3630075257425814858.compiler.options
java_class_path (initial): C:\Users\KIIT0001\.gradle\caches\modules-2\files-2.1\org.jetbrains.kotlin\kotlin-compiler-embeddable\2.0.0\1de310de3446414381282ffc46c3ed3919a4d1da\kotlin-compiler-embeddable-2.0.0.jar;C:\Users\KIIT0001\.gradle\caches\modules-2\files-2.1\org.jetbrains.kotlin\kotlin-stdlib\2.0.0\b48df2c4aede9586cc931ead433bc02d6fd7879e\kotlin-stdlib-2.0.0.jar;C:\Users\KIIT0001\.gradle\caches\modules-2\files-2.1\org.jetbrains.kotlin\kotlin-script-runtime\2.0.0\fdc27dd047d592fa41d2dfa21e7621287a361612\kotlin-script-runtime-2.0.0.jar;C:\Users\KIIT0001\.gradle\caches\modules-2\files-2.1\org.jetbrains.kotlin\kotlin-reflect\1.6.10\1cbe9c92c12a94eea200d23c2bbaedaf3daf5132\kotlin-reflect-1.6.10.jar;C:\Users\KIIT0001\.gradle\caches\modules-2\files-2.1\org.jetbrains.kotlin\kotlin-daemon-embeddable\2.0.0\b39c612768614c4428c96ee9c65477181fffe9d\kotlin-daemon-embeddable-2.0.0.jar;C:\Users\KIIT0001\.gradle\caches\modules-2\files-2.1\org.jetbrains.intellij.deps\trove4j\1.0.20200330\3afb14d5f9ceb459d724e907a21145e8ff394f02\trove4j-1.0.20200330.jar;C:\Users\KIIT0001\.gradle\caches\modules-2\files-2.1\org.jetbrains\annotations\13.0\919f0dfe192fb4e063e7dacadee7f8bb9a2672a9\annotations-13.0.jar
Launcher Type: SUN_STANDARD

[Global flags]
     intx CICompilerCount                          = 4                                         {product} {ergonomic}
     uint ConcGCThreads                            = 3                                         {product} {ergonomic}
     uint G1ConcRefinementThreads                  = 10                                        {product} {ergonomic}
   size_t G1HeapRegionSize                         = 2097152                                   {product} {ergonomic}
    uintx GCDrainStackTargetSize                   = 64                                        {product} {ergonomic}
   size_t InitialHeapSize                          = 264241152                                 {product} {ergonomic}
   size_t MarkStackSize                            = 4194304                                   {product} {ergonomic}
   size_t MaxHeapSize                              = 4219469824                                {product} {ergonomic}
   size_t MinHeapDeltaBytes                        = 2097152                                   {product} {ergonomic}
   size_t MinHeapSize                              = 8388608                                   {product} {ergonomic}
    uintx NonNMethodCodeHeapSize                   = 5839372                                {pd product} {ergonomic}
    uintx NonProfiledCodeHeapSize                  = 122909434                              {pd product} {ergonomic}
    uintx ProfiledCodeHeapSize                     = 122909434                              {pd product} {ergonomic}
    uintx ReservedCodeCacheSize                    = 251658240                              {pd product} {ergonomic}
     bool SegmentedCodeCache                       = true                                      {product} {ergonomic}
   size_t SoftMaxHeapSize                          = 4219469824                             {manageable} {ergonomic}
     bool UseCompressedOops                        = true                           {product lp64_product} {ergonomic}
     bool UseG1GC                                  = true                                      {product} {ergonomic}
     bool UseLargePagesIndividualAllocation        = false                                  {pd product} {ergonomic}

Logging:
Log output configuration:
 #0: stdout all=warning uptime,level,tags foldmultilines=false
 #1: stderr all=off uptime,level,tags foldmultilines=false

Environment Variables:
PATH=C:\oraclexe\app\oracle\product\11.2.0\server\bin;C:\Program Files\Common Files\Oracle\Java\javapath;C:\Program Files (x86)\Common Files\Oracle\Java\javapath;C:\WINDOWS\system32;C:\WINDOWS;C:\WINDOWS\System32\Wbem;C:\WINDOWS\System32\WindowsPowerShell\v1.0\;C:\WINDOWS\System32\OpenSSH\;C:\Program Files\dotnet\;C:\msys64\mingw64\bin;C:\Program Files\Git\cmd;C:\Program Files (x86)\Windows Kits\10\Windows Performance Toolkit\;C:\Program Files\nodejs\;C:\Users\KIIT0001\Downloads\node-v22.14.0-x64.msi;C:\Users\KIIT0001\Downloads\python-3.13.3-amd64.exe;C:\Users\KIIT0001\anaconda3\Library\bin\conda.bat;C:\Users\KIIT0001\anaconda3\Scripts\conda.exe;C:\Users\KIIT0001\anaconda3\condabin\conda.bat;C:\Users\KIIT0001\AppData\Local\Programs\Python\Python311\Scripts;C:\Program Files\Go\bin;C:\Users\KIIT0001\.cargo\bin;C:\Users\KIIT0001\AppData\Local\Programs\Python\Python311\Scripts\;C:\Users\KIIT0001\AppData\Local\Programs\Python\Python311\;C:\Users\KIIT0001\AppData\Local\Microsoft\WindowsApps;C:\Users\KIIT0001\AppData\Local\Programs\Microsoft VS Code\bin;C:\Users\KIIT0001\AppData\Local\GitHubDesktop\bin;C:\Users\KIIT0001\AppData\Roaming\npm;C:\Users\KIIT0001\AppData\Local\Programs\Python\Python311\Scripts;C:\Users\KIIT0001\AppData\Local\Programs\VSCodium\bin;C:\Users\KIIT0001\go\bin;C:\Users\KIIT0001\AppData\Local\Android\Sdk\platform-tools;
USERNAME=KIIT0001
OS=Windows_NT
PROCESSOR_IDENTIFIER=Intel64 Family 6 Model 154 Stepping 4, GenuineIntel
TMP=C:\Users\KIIT0001\AppData\Local\Temp
TEMP=C:\Users\KIIT0001\AppData\Local\Temp




Periodic native trim disabled

JNI global refs:
JNI global refs: 0, weak refs: 0

JNI global refs memory usage: 0, weak refs: 0

Process memory usage:
Resident Set Size: 12888K (0% of 16478648K total physical memory with 2473368K free physical memory)

OOME stack traces (most recent first):
Classloader memory used:

---------------  S Y S T E M  ---------------

OS:
 Windows 11 , 64 bit Build 26100 (10.0.26100.5074)
OS uptime: 1 days 8:41 hours
Hyper-V role detected

CPU: total 12 (initial active 12) (6 cores per cpu, 2 threads per core) family 6 model 154 stepping 4 microcode 0x435, cx8, cmov, fxsr, ht, mmx, 3dnowpref, sse, sse2, sse3, ssse3, sse4.1, sse4.2, popcnt, lzcnt, tsc, tscinvbit, avx, avx2, aes, erms, clmul, bmi1, bmi2, adx, sha, fma, vzeroupper, clflush, clflushopt, clwb, hv, serialize, rdtscp, rdpid, fsrm, f16c, cet_ibt, cet_ss
Processor Information for processor 0
  Max Mhz: 1700, Current Mhz: 1700, Mhz Limit: 1700
Processor Information for processor 1
  Max Mhz: 1700, Current Mhz: 1700, Mhz Limit: 1700
Processor Information for processor 2
  Max Mhz: 1700, Current Mhz: 1700, Mhz Limit: 1700
Processor Information for processor 3
  Max Mhz: 1700, Current Mhz: 1700, Mhz Limit: 1700
Processor Information for processor 4
  Max Mhz: 1700, Current Mhz: 1200, Mhz Limit: 1190
Processor Information for processor 5
  Max Mhz: 1700, Current Mhz: 1200, Mhz Limit: 1190
Processor Information for processor 6
  Max Mhz: 1700, Current Mhz: 1200, Mhz Limit: 1190
Processor Information for processor 7
  Max Mhz: 1700, Current Mhz: 1200, Mhz Limit: 1190
Processor Information for processor 8
  Max Mhz: 1700, Current Mhz: 1200, Mhz Limit: 1190
Processor Information for processor 9
  Max Mhz: 1700, Current Mhz: 1200, Mhz Limit: 1190
Processor Information for processor 10
  Max Mhz: 1700, Current Mhz: 1200, Mhz Limit: 1190
Processor Information for processor 11
  Max Mhz: 1700, Current Mhz: 1200, Mhz Limit: 1190

Memory: 4k page, system-wide physical 16092M (2415M free)
TotalPageFile size 34616M (AvailPageFile size 148M)
current process WorkingSet (physical memory assigned to process): 12M, peak: 12M
current process commit charge ("private bytes"): 64M, peak: 316M

vm_info: OpenJDK 64-Bit Server VM (21.0.4+-12508038-b607.1) for windows-amd64 JRE (21.0.4+-12508038-b607.1), built on 2024-10-16T17:23:34Z by "builder" with MS VC++ 16.10 / 16.11 (VS2019)

END.
